<?xml version="1.0" encoding="UTF-8"?>
<!-- Generated by org.testng.reporters.JUnitReportReporter -->
<testsuite skipped="0" hostname="LAPTOP-D9UPN11K" name="com.sfdc.testcases.SFDC001_LoginPage" tests="1" failures="0" timestamp="11 Jun 2021 17:26:21 GMT" time="19.140" errors="0">
  <testcase name="createFollowUpEvent" time="19.140" classname="com.sfdc.testcases.SFDC001_LoginPage"/>
</testsuite> <!-- com.sfdc.testcases.SFDC001_LoginPage -->
