<?xml version="1.0" encoding="UTF-8"?>
<!-- Generated by org.testng.reporters.JUnitReportReporter -->
<testsuite hostname="LAPTOP-D9UPN11K" failures="0" tests="1" name="com.sfdc.testcases.SFDC001_LoginPage" time="18.679" errors="0" timestamp="12 Jun 2021 12:18:24 GMT" skipped="0">
  <testcase classname="com.sfdc.testcases.SFDC001_LoginPage" name="createFollowUpEvent" time="18.679"/>
</testsuite> <!-- com.sfdc.testcases.SFDC001_LoginPage -->
